# JRE version: OpenJDK Runtime Environment (8.0_242-b01) (build 1.8.0_242-release-1644-b01)
# Java VM: OpenJDK 64-Bit Server VM (25.242-b01 mixed mode windows-amd64 compressed oops)
Heap:
 PSYoungGen      total 198144K, used 62624K [0x00000000d5580000, 0x00000000e2880000, 0x0000000100000000)
  eden space 180224K, 26% used [0x00000000d5580000,0x00000000d84dbe40,0x00000000e0580000)
  from space 17920K, 78% used [0x00000000e0580000,0x00000000e134c388,0x00000000e1700000)
  to   space 15872K, 0% used [0x00000000e1700000,0x00000000e1700000,0x00000000e2680000)
 ParOldGen       total 98304K, used 34403K [0x0000000080000000, 0x0000000086000000, 0x00000000d5580000)
  object space 98304K, 34% used [0x0000000080000000,0x0000000082198de8,0x0000000086000000)
 Metaspace       used 65863K, capacity 69160K, committed 69424K, reserved 1110016K
  class space    used 9027K, capacity 9695K, committed 9776K, reserved 1048576K
GC Heap History (10 events):
Event: 8.948 GC heap before
{Heap before GC invocations=12 (full 2):
 PSYoungGen      total 150016K, used 9834K [0x00000000d5580000, 0x00000000df500000, 0x0000000100000000)
  eden space 138752K, 0% used [0x00000000d5580000,0x00000000d5580000,0x00000000ddd00000)
  from space 11264K, 87% used [0x00000000de980000,0x00000000df31a920,0x00000000df480000)
  to   space 12288K, 0% used [0x00000000ddd00000,0x00000000ddd00000,0x00000000de900000)
 ParOldGen       total 39936K, used 8323K [0x0000000080000000, 0x0000000082700000, 0x00000000d5580000)
  object space 39936K, 20% used [0x0000000080000000,0x0000000080820e60,0x0000000082700000)
 Metaspace       used 34571K, capacity 35410K, committed 35496K, reserved 1079296K
  class space    used 4740K, capacity 4974K, committed 5040K, reserved 1048576K
Event: 9.080 GC heap after
Heap after GC invocations=12 (full 2):
 PSYoungGen      total 150016K, used 0K [0x00000000d5580000, 0x00000000df500000, 0x0000000100000000)
  eden space 138752K, 0% used [0x00000000d5580000,0x00000000d5580000,0x00000000ddd00000)
  from space 11264K, 0% used [0x00000000de980000,0x00000000de980000,0x00000000df480000)
  to   space 12288K, 0% used [0x00000000ddd00000,0x00000000ddd00000,0x00000000de900000)
 ParOldGen       total 61440K, used 16325K [0x0000000080000000, 0x0000000083c00000, 0x00000000d5580000)
  object space 61440K, 26% used [0x0000000080000000,0x0000000080ff15d0,0x0000000083c00000)
 Metaspace       used 34571K, capacity 35410K, committed 35496K, reserved 1079296K
  class space    used 4740K, capacity 4974K, committed 5040K, reserved 1048576K
}
Event: 13.044 GC heap before
{Heap before GC invocations=13 (full 2):
 PSYoungGen      total 150016K, used 138752K [0x00000000d5580000, 0x00000000df500000, 0x0000000100000000)
  eden space 138752K, 100% used [0x00000000d5580000,0x00000000ddd00000,0x00000000ddd00000)
  from space 11264K, 0% used [0x00000000de980000,0x00000000de980000,0x00000000df480000)
  to   space 12288K, 0% used [0x00000000ddd00000,0x00000000ddd00000,0x00000000de900000)
 ParOldGen       total 61440K, used 16325K [0x0000000080000000, 0x0000000083c00000, 0x00000000d5580000)
  object space 61440K, 26% used [0x0000000080000000,0x0000000080ff15d0,0x0000000083c00000)
 Metaspace       used 46336K, capacity 47822K, committed 47920K, reserved 1091584K
  class space    used 6260K, capacity 6653K, committed 6704K, reserved 1048576K
Event: 13.083 GC heap after
Heap after GC invocations=13 (full 2):
 PSYoungGen      total 151040K, used 12272K [0x00000000d5580000, 0x00000000e2680000, 0x0000000100000000)
  eden space 138752K, 0% used [0x00000000d5580000,0x00000000d5580000,0x00000000ddd00000)
  from space 12288K, 99% used [0x00000000ddd00000,0x00000000de8fc0b8,0x00000000de900000)
  to   space 15872K, 0% used [0x00000000e1700000,0x00000000e1700000,0x00000000e2680000)
 ParOldGen       total 61440K, used 21512K [0x0000000080000000, 0x0000000083c00000, 0x00000000d5580000)
  object space 61440K, 35% used [0x0000000080000000,0x0000000081502368,0x0000000083c00000)
 Metaspace       used 46336K, capacity 47822K, committed 47920K, reserved 1091584K
  class space    used 6260K, capacity 6653K, committed 6704K, reserved 1048576K
}
Event: 16.063 GC heap before
{Heap before GC invocations=14 (full 2):
 PSYoungGen      total 151040K, used 139990K [0x00000000d5580000, 0x00000000e2680000, 0x0000000100000000)
  eden space 138752K, 92% used [0x00000000d5580000,0x00000000dd239b28,0x00000000ddd00000)
  from space 12288K, 99% used [0x00000000ddd00000,0x00000000de8fc0b8,0x00000000de900000)
  to   space 15872K, 0% used [0x00000000e1700000,0x00000000e1700000,0x00000000e2680000)
 ParOldGen       total 61440K, used 21512K [0x0000000080000000, 0x0000000083c00000, 0x00000000d5580000)
  object space 61440K, 35% used [0x0000000080000000,0x0000000081502368,0x0000000083c00000)
 Metaspace       used 57133K, capacity 59108K, committed 59160K, reserved 1099776K
  class space    used 7841K, capacity 8319K, committed 8368K, reserved 1048576K
Event: 16.114 GC heap after
Heap after GC invocations=14 (full 2):
 PSYoungGen      total 196096K, used 14121K [0x00000000d5580000, 0x00000000e2880000, 0x0000000100000000)
  eden space 180224K, 0% used [0x00000000d5580000,0x00000000d5580000,0x00000000e0580000)
  from space 15872K, 88% used [0x00000000e1700000,0x00000000e24ca628,0x00000000e2680000)
  to   space 17920K, 0% used [0x00000000e0580000,0x00000000e0580000,0x00000000e1700000)
 ParOldGen       total 61440K, used 30172K [0x0000000080000000, 0x0000000083c00000, 0x00000000d5580000)
  object space 61440K, 49% used [0x0000000080000000,0x0000000081d773f0,0x0000000083c00000)
 Metaspace       used 57133K, capacity 59108K, committed 59160K, reserved 1099776K
  class space    used 7841K, capacity 8319K, committed 8368K, reserved 1048576K
}
Event: 16.114 GC heap before
{Heap before GC invocations=15 (full 3):
 PSYoungGen      total 196096K, used 14121K [0x00000000d5580000, 0x00000000e2880000, 0x0000000100000000)
  eden space 180224K, 0% used [0x00000000d5580000,0x00000000d5580000,0x00000000e0580000)
  from space 15872K, 88% used [0x00000000e1700000,0x00000000e24ca628,0x00000000e2680000)
  to   space 17920K, 0% used [0x00000000e0580000,0x00000000e0580000,0x00000000e1700000)
 ParOldGen       total 61440K, used 30172K [0x0000000080000000, 0x0000000083c00000, 0x00000000d5580000)
  object space 61440K, 49% used [0x0000000080000000,0x0000000081d773f0,0x0000000083c00000)
 Metaspace       used 57133K, capacity 59108K, committed 59160K, reserved 1099776K
  class space    used 7841K, capacity 8319K, committed 8368K, reserved 1048576K
Event: 16.434 GC heap after
Heap after GC invocations=15 (full 3):
 PSYoungGen      total 196096K, used 0K [0x00000000d5580000, 0x00000000e2880000, 0x0000000100000000)
  eden space 180224K, 0% used [0x00000000d5580000,0x00000000d5580000,0x00000000e0580000)
  from space 15872K, 0% used [0x00000000e1700000,0x00000000e1700000,0x00000000e2680000)
  to   space 17920K, 0% used [0x00000000e0580000,0x00000000e0580000,0x00000000e1700000)
 ParOldGen       total 98304K, used 34395K [0x0000000080000000, 0x0000000086000000, 0x00000000d5580000)
  object space 98304K, 34% used [0x0000000080000000,0x0000000082196de8,0x0000000086000000)
 Metaspace       used 57119K, capacity 59060K, committed 59160K, reserved 1099776K
  class space    used 7836K, capacity 8311K, committed 8368K, reserved 1048576K
}
Event: 22.700 GC heap before
{Heap before GC invocations=16 (full 3):
 PSYoungGen      total 196096K, used 180224K [0x00000000d5580000, 0x00000000e2880000, 0x0000000100000000)
  eden space 180224K, 100% used [0x00000000d5580000,0x00000000e0580000,0x00000000e0580000)
  from space 15872K, 0% used [0x00000000e1700000,0x00000000e1700000,0x00000000e2680000)
  to   space 17920K, 0% used [0x00000000e0580000,0x00000000e0580000,0x00000000e1700000)
 ParOldGen       total 98304K, used 34395K [0x0000000080000000, 0x0000000086000000, 0x00000000d5580000)
  object space 98304K, 34% used [0x0000000080000000,0x0000000082196de8,0x0000000086000000)
 Metaspace       used 62909K, capacity 65896K, committed 66096K, reserved 1105920K
  class space    used 8602K, capacity 9211K, committed 9264K, reserved 1048576K
Event: 22.737 GC heap after
Heap after GC invocations=16 (full 3):
 PSYoungGen      total 198144K, used 14128K [0x00000000d5580000, 0x00000000e2880000, 0x0000000100000000)
  eden space 180224K, 0% used [0x00000000d5580000,0x00000000d5580000,0x00000000e0580000)
  from space 17920K, 78% used [0x00000000e0580000,0x00000000e134c388,0x00000000e1700000)
  to   space 15872K, 0% used [0x00000000e1700000,0x00000000e1700000,0x00000000e2680000)
 ParOldGen       total 98304K, used 34403K [0x0000000080000000, 0x0000000086000000, 0x00000000d5580000)
  object space 98304K, 34% used [0x0000000080000000,0x0000000082198de8,0x0000000086000000)
 Metaspace       used 62909K, capacity 65896K, committed 66096K, reserved 1105920K
  class space    used 8602K, capacity 9211K, committed 9264K, reserved 1048576K
}

