# JRE version: OpenJDK Runtime Environment (8.0_242-b01) (build 1.8.0_242-release-1644-b01)
# Java VM: OpenJDK 64-Bit Server VM (25.242-b01 mixed mode windows-amd64 compressed oops)
Heap:
 PSYoungGen      total 197120K, used 26278K [0x00000000d5580000, 0x00000000e6800000, 0x0000000100000000)
  eden space 184320K, 14% used [0x00000000d5580000,0x00000000d6f29820,0x00000000e0980000)
  from space 12800K, 0% used [0x00000000e5b80000,0x00000000e5b80000,0x00000000e6800000)
  to   space 11776K, 0% used [0x00000000e0980000,0x00000000e0980000,0x00000000e1500000)
 ParOldGen       total 57344K, used 32534K [0x0000000080000000, 0x0000000083800000, 0x00000000d5580000)
  object space 57344K, 56% used [0x0000000080000000,0x0000000081fc5a58,0x0000000083800000)
 Metaspace       used 50664K, capacity 52336K, committed 52528K, reserved 1099776K
  class space    used 6801K, capacity 7197K, committed 7216K, reserved 1048576K
GC Heap History (10 events):
Event: 4.664 GC heap before
{Heap before GC invocations=9 (full 1):
 PSYoungGen      total 104448K, used 94208K [0x00000000d5580000, 0x00000000e2080000, 0x0000000100000000)
  eden space 94208K, 100% used [0x00000000d5580000,0x00000000db180000,0x00000000db180000)
  from space 10240K, 0% used [0x00000000db180000,0x00000000db180000,0x00000000dbb80000)
  to   space 9728K, 0% used [0x00000000e1700000,0x00000000e1700000,0x00000000e2080000)
 ParOldGen       total 38400K, used 6999K [0x0000000080000000, 0x0000000082580000, 0x00000000d5580000)
  object space 38400K, 18% used [0x0000000080000000,0x00000000806d5dd8,0x0000000082580000)
 Metaspace       used 30574K, capacity 31292K, committed 31536K, reserved 1077248K
  class space    used 4138K, capacity 4361K, committed 4400K, reserved 1048576K
Event: 4.674 GC heap after
Heap after GC invocations=9 (full 1):
 PSYoungGen      total 182272K, used 9716K [0x00000000d5580000, 0x00000000e2080000, 0x0000000100000000)
  eden space 172544K, 0% used [0x00000000d5580000,0x00000000d5580000,0x00000000dfe00000)
  from space 9728K, 99% used [0x00000000e1700000,0x00000000e207d2c8,0x00000000e2080000)
  to   space 11776K, 0% used [0x00000000e0980000,0x00000000e0980000,0x00000000e1500000)
 ParOldGen       total 38400K, used 7887K [0x0000000080000000, 0x0000000082580000, 0x00000000d5580000)
  object space 38400K, 20% used [0x0000000080000000,0x00000000807b3f10,0x0000000082580000)
 Metaspace       used 30574K, capacity 31292K, committed 31536K, reserved 1077248K
  class space    used 4138K, capacity 4361K, committed 4400K, reserved 1048576K
}
Event: 5.653 GC heap before
{Heap before GC invocations=10 (full 1):
 PSYoungGen      total 182272K, used 97618K [0x00000000d5580000, 0x00000000e2080000, 0x0000000100000000)
  eden space 172544K, 50% used [0x00000000d5580000,0x00000000dab57728,0x00000000dfe00000)
  from space 9728K, 99% used [0x00000000e1700000,0x00000000e207d2c8,0x00000000e2080000)
  to   space 11776K, 0% used [0x00000000e0980000,0x00000000e0980000,0x00000000e1500000)
 ParOldGen       total 38400K, used 7887K [0x0000000080000000, 0x0000000082580000, 0x00000000d5580000)
  object space 38400K, 20% used [0x0000000080000000,0x00000000807b3f10,0x0000000082580000)
 Metaspace       used 34604K, capacity 35442K, committed 35496K, reserved 1079296K
  class space    used 4750K, capacity 5006K, committed 5040K, reserved 1048576K
Event: 5.667 GC heap after
Heap after GC invocations=10 (full 1):
 PSYoungGen      total 196096K, used 10253K [0x00000000d5580000, 0x00000000e6800000, 0x0000000100000000)
  eden space 184320K, 0% used [0x00000000d5580000,0x00000000d5580000,0x00000000e0980000)
  from space 11776K, 87% used [0x00000000e0980000,0x00000000e13834a0,0x00000000e1500000)
  to   space 12800K, 0% used [0x00000000e5b80000,0x00000000e5b80000,0x00000000e6800000)
 ParOldGen       total 38400K, used 7895K [0x0000000080000000, 0x0000000082580000, 0x00000000d5580000)
  object space 38400K, 20% used [0x0000000080000000,0x00000000807b5f10,0x0000000082580000)
 Metaspace       used 34604K, capacity 35442K, committed 35496K, reserved 1079296K
  class space    used 4750K, capacity 5006K, committed 5040K, reserved 1048576K
}
Event: 5.667 GC heap before
{Heap before GC invocations=11 (full 2):
 PSYoungGen      total 196096K, used 10253K [0x00000000d5580000, 0x00000000e6800000, 0x0000000100000000)
  eden space 184320K, 0% used [0x00000000d5580000,0x00000000d5580000,0x00000000e0980000)
  from space 11776K, 87% used [0x00000000e0980000,0x00000000e13834a0,0x00000000e1500000)
  to   space 12800K, 0% used [0x00000000e5b80000,0x00000000e5b80000,0x00000000e6800000)
 ParOldGen       total 38400K, used 7895K [0x0000000080000000, 0x0000000082580000, 0x00000000d5580000)
  object space 38400K, 20% used [0x0000000080000000,0x00000000807b5f10,0x0000000082580000)
 Metaspace       used 34604K, capacity 35442K, committed 35496K, reserved 1079296K
  class space    used 4750K, capacity 5006K, committed 5040K, reserved 1048576K
Event: 5.725 GC heap after
Heap after GC invocations=11 (full 2):
 PSYoungGen      total 196096K, used 0K [0x00000000d5580000, 0x00000000e6800000, 0x0000000100000000)
  eden space 184320K, 0% used [0x00000000d5580000,0x00000000d5580000,0x00000000e0980000)
  from space 11776K, 0% used [0x00000000e0980000,0x00000000e0980000,0x00000000e1500000)
  to   space 12800K, 0% used [0x00000000e5b80000,0x00000000e5b80000,0x00000000e6800000)
 ParOldGen       total 57344K, used 16691K [0x0000000080000000, 0x0000000083800000, 0x00000000d5580000)
  object space 57344K, 29% used [0x0000000080000000,0x000000008104ce10,0x0000000083800000)
 Metaspace       used 34604K, capacity 35442K, committed 35496K, reserved 1079296K
  class space    used 4750K, capacity 5006K, committed 5040K, reserved 1048576K
}
Event: 8.455 GC heap before
{Heap before GC invocations=12 (full 2):
 PSYoungGen      total 196096K, used 168821K [0x00000000d5580000, 0x00000000e6800000, 0x0000000100000000)
  eden space 184320K, 91% used [0x00000000d5580000,0x00000000dfa5d480,0x00000000e0980000)
  from space 11776K, 0% used [0x00000000e0980000,0x00000000e0980000,0x00000000e1500000)
  to   space 12800K, 0% used [0x00000000e5b80000,0x00000000e5b80000,0x00000000e6800000)
 ParOldGen       total 57344K, used 16691K [0x0000000080000000, 0x0000000083800000, 0x00000000d5580000)
  object space 57344K, 29% used [0x0000000080000000,0x000000008104ce10,0x0000000083800000)
 Metaspace       used 49394K, capacity 50914K, committed 51120K, reserved 1101824K
  class space    used 6611K, capacity 6973K, committed 7088K, reserved 1048576K
Event: 8.478 GC heap after
Heap after GC invocations=12 (full 2):
 PSYoungGen      total 197120K, used 12778K [0x00000000d5580000, 0x00000000e6800000, 0x0000000100000000)
  eden space 184320K, 0% used [0x00000000d5580000,0x00000000d5580000,0x00000000e0980000)
  from space 12800K, 99% used [0x00000000e5b80000,0x00000000e67fa9e8,0x00000000e6800000)
  to   space 11776K, 0% used [0x00000000e0980000,0x00000000e0980000,0x00000000e1500000)
 ParOldGen       total 57344K, used 24677K [0x0000000080000000, 0x0000000083800000, 0x00000000d5580000)
  object space 57344K, 43% used [0x0000000080000000,0x0000000081819470,0x0000000083800000)
 Metaspace       used 49394K, capacity 50914K, committed 51120K, reserved 1101824K
  class space    used 6611K, capacity 6973K, committed 7088K, reserved 1048576K
}
Event: 8.478 GC heap before
{Heap before GC invocations=13 (full 3):
 PSYoungGen      total 197120K, used 12778K [0x00000000d5580000, 0x00000000e6800000, 0x0000000100000000)
  eden space 184320K, 0% used [0x00000000d5580000,0x00000000d5580000,0x00000000e0980000)
  from space 12800K, 99% used [0x00000000e5b80000,0x00000000e67fa9e8,0x00000000e6800000)
  to   space 11776K, 0% used [0x00000000e0980000,0x00000000e0980000,0x00000000e1500000)
 ParOldGen       total 57344K, used 24677K [0x0000000080000000, 0x0000000083800000, 0x00000000d5580000)
  object space 57344K, 43% used [0x0000000080000000,0x0000000081819470,0x0000000083800000)
 Metaspace       used 49394K, capacity 50914K, committed 51120K, reserved 1101824K
  class space    used 6611K, capacity 6973K, committed 7088K, reserved 1048576K
Event: 8.745 GC heap after
Heap after GC invocations=13 (full 3):
 PSYoungGen      total 197120K, used 0K [0x00000000d5580000, 0x00000000e6800000, 0x0000000100000000)
  eden space 184320K, 0% used [0x00000000d5580000,0x00000000d5580000,0x00000000e0980000)
  from space 12800K, 0% used [0x00000000e5b80000,0x00000000e5b80000,0x00000000e6800000)
  to   space 11776K, 0% used [0x00000000e0980000,0x00000000e0980000,0x00000000e1500000)
 ParOldGen       total 57344K, used 32534K [0x0000000080000000, 0x0000000083800000, 0x00000000d5580000)
  object space 57344K, 56% used [0x0000000080000000,0x0000000081fc5a58,0x0000000083800000)
 Metaspace       used 49387K, capacity 50890K, committed 51120K, reserved 1099776K
  class space    used 6609K, capacity 6969K, committed 7088K, reserved 1048576K
}

