# JRE version: OpenJDK Runtime Environment (8.0_242-b01) (build 1.8.0_242-release-1644-b01)
# Java VM: OpenJDK 64-Bit Server VM (25.242-b01 mixed mode windows-amd64 compressed oops)
Heap:
 PSYoungGen      total 246272K, used 34197K [0x00000000d5580000, 0x00000000e9780000, 0x0000000100000000)
  eden space 228352K, 14% used [0x00000000d5580000,0x00000000d76e57e8,0x00000000e3480000)
  from space 17920K, 0% used [0x00000000e3480000,0x00000000e3480000,0x00000000e4600000)
  to   space 17408K, 0% used [0x00000000e8680000,0x00000000e8680000,0x00000000e9780000)
 ParOldGen       total 64000K, used 32999K [0x0000000080000000, 0x0000000083e80000, 0x00000000d5580000)
  object space 64000K, 51% used [0x0000000080000000,0x0000000082039c50,0x0000000083e80000)
 Metaspace       used 58590K, capacity 60796K, committed 60848K, reserved 1101824K
  class space    used 8069K, capacity 8593K, committed 8624K, reserved 1048576K
GC Heap History (10 events):
Event: 7.319 GC heap before
{Heap before GC invocations=10 (full 1):
 PSYoungGen      total 173056K, used 93677K [0x00000000d5580000, 0x00000000e2080000, 0x0000000100000000)
  eden space 163328K, 51% used [0x00000000d5580000,0x00000000da77f598,0x00000000df500000)
  from space 9728K, 99% used [0x00000000e1700000,0x00000000e207bf78,0x00000000e2080000)
  to   space 11776K, 0% used [0x00000000e0980000,0x00000000e0980000,0x00000000e1500000)
 ParOldGen       total 40960K, used 8092K [0x0000000080000000, 0x0000000082800000, 0x00000000d5580000)
  object space 40960K, 19% used [0x0000000080000000,0x00000000807e71a0,0x0000000082800000)
 Metaspace       used 34580K, capacity 35410K, committed 35496K, reserved 1079296K
  class space    used 4741K, capacity 4974K, committed 5040K, reserved 1048576K
Event: 7.334 GC heap after
Heap after GC invocations=10 (full 1):
 PSYoungGen      total 196096K, used 10032K [0x00000000d5580000, 0x00000000e5280000, 0x0000000100000000)
  eden space 184320K, 0% used [0x00000000d5580000,0x00000000d5580000,0x00000000e0980000)
  from space 11776K, 85% used [0x00000000e0980000,0x00000000e134c350,0x00000000e1500000)
  to   space 12800K, 0% used [0x00000000e4600000,0x00000000e4600000,0x00000000e5280000)
 ParOldGen       total 40960K, used 8100K [0x0000000080000000, 0x0000000082800000, 0x00000000d5580000)
  object space 40960K, 19% used [0x0000000080000000,0x00000000807e91a0,0x0000000082800000)
 Metaspace       used 34580K, capacity 35410K, committed 35496K, reserved 1079296K
  class space    used 4741K, capacity 4974K, committed 5040K, reserved 1048576K
}
Event: 7.334 GC heap before
{Heap before GC invocations=11 (full 2):
 PSYoungGen      total 196096K, used 10032K [0x00000000d5580000, 0x00000000e5280000, 0x0000000100000000)
  eden space 184320K, 0% used [0x00000000d5580000,0x00000000d5580000,0x00000000e0980000)
  from space 11776K, 85% used [0x00000000e0980000,0x00000000e134c350,0x00000000e1500000)
  to   space 12800K, 0% used [0x00000000e4600000,0x00000000e4600000,0x00000000e5280000)
 ParOldGen       total 40960K, used 8100K [0x0000000080000000, 0x0000000082800000, 0x00000000d5580000)
  object space 40960K, 19% used [0x0000000080000000,0x00000000807e91a0,0x0000000082800000)
 Metaspace       used 34580K, capacity 35410K, committed 35496K, reserved 1079296K
  class space    used 4741K, capacity 4974K, committed 5040K, reserved 1048576K
Event: 7.406 GC heap after
Heap after GC invocations=11 (full 2):
 PSYoungGen      total 196096K, used 0K [0x00000000d5580000, 0x00000000e5280000, 0x0000000100000000)
  eden space 184320K, 0% used [0x00000000d5580000,0x00000000d5580000,0x00000000e0980000)
  from space 11776K, 0% used [0x00000000e0980000,0x00000000e0980000,0x00000000e1500000)
  to   space 12800K, 0% used [0x00000000e4600000,0x00000000e4600000,0x00000000e5280000)
 ParOldGen       total 64000K, used 16517K [0x0000000080000000, 0x0000000083e80000, 0x00000000d5580000)
  object space 64000K, 25% used [0x0000000080000000,0x0000000081021490,0x0000000083e80000)
 Metaspace       used 34580K, capacity 35410K, committed 35496K, reserved 1079296K
  class space    used 4741K, capacity 4974K, committed 5040K, reserved 1048576K
}
Event: 10.705 GC heap before
{Heap before GC invocations=12 (full 2):
 PSYoungGen      total 196096K, used 184320K [0x00000000d5580000, 0x00000000e5280000, 0x0000000100000000)
  eden space 184320K, 100% used [0x00000000d5580000,0x00000000e0980000,0x00000000e0980000)
  from space 11776K, 0% used [0x00000000e0980000,0x00000000e0980000,0x00000000e1500000)
  to   space 12800K, 0% used [0x00000000e4600000,0x00000000e4600000,0x00000000e5280000)
 ParOldGen       total 64000K, used 16517K [0x0000000080000000, 0x0000000083e80000, 0x00000000d5580000)
  object space 64000K, 25% used [0x0000000080000000,0x0000000081021490,0x0000000083e80000)
 Metaspace       used 49963K, capacity 51662K, committed 51888K, reserved 1093632K
  class space    used 6686K, capacity 7086K, committed 7088K, reserved 1048576K
Event: 10.737 GC heap after
Heap after GC invocations=12 (full 2):
 PSYoungGen      total 241152K, used 12785K [0x00000000d5580000, 0x00000000e6400000, 0x0000000100000000)
  eden space 228352K, 0% used [0x00000000d5580000,0x00000000d5580000,0x00000000e3480000)
  from space 12800K, 99% used [0x00000000e4600000,0x00000000e527c7c8,0x00000000e5280000)
  to   space 17920K, 0% used [0x00000000e3480000,0x00000000e3480000,0x00000000e4600000)
 ParOldGen       total 64000K, used 25850K [0x0000000080000000, 0x0000000083e80000, 0x00000000d5580000)
  object space 64000K, 40% used [0x0000000080000000,0x000000008193ebe0,0x0000000083e80000)
 Metaspace       used 49963K, capacity 51662K, committed 51888K, reserved 1093632K
  class space    used 6686K, capacity 7086K, committed 7088K, reserved 1048576K
}
Event: 12.685 GC heap before
{Heap before GC invocations=13 (full 2):
 PSYoungGen      total 241152K, used 98623K [0x00000000d5580000, 0x00000000e6400000, 0x0000000100000000)
  eden space 228352K, 37% used [0x00000000d5580000,0x00000000da953480,0x00000000e3480000)
  from space 12800K, 99% used [0x00000000e4600000,0x00000000e527c7c8,0x00000000e5280000)
  to   space 17920K, 0% used [0x00000000e3480000,0x00000000e3480000,0x00000000e4600000)
 ParOldGen       total 64000K, used 25850K [0x0000000080000000, 0x0000000083e80000, 0x00000000d5580000)
  object space 64000K, 40% used [0x0000000080000000,0x000000008193ebe0,0x0000000083e80000)
 Metaspace       used 57078K, capacity 59052K, committed 59160K, reserved 1099776K
  class space    used 7834K, capacity 8289K, committed 8368K, reserved 1048576K
Event: 12.709 GC heap after
Heap after GC invocations=13 (full 2):
 PSYoungGen      total 246272K, used 9411K [0x00000000d5580000, 0x00000000e9780000, 0x0000000100000000)
  eden space 228352K, 0% used [0x00000000d5580000,0x00000000d5580000,0x00000000e3480000)
  from space 17920K, 52% used [0x00000000e3480000,0x00000000e3db0e68,0x00000000e4600000)
  to   space 17408K, 0% used [0x00000000e8680000,0x00000000e8680000,0x00000000e9780000)
 ParOldGen       total 64000K, used 37622K [0x0000000080000000, 0x0000000083e80000, 0x00000000d5580000)
  object space 64000K, 58% used [0x0000000080000000,0x00000000824bdbb0,0x0000000083e80000)
 Metaspace       used 57078K, capacity 59052K, committed 59160K, reserved 1099776K
  class space    used 7834K, capacity 8289K, committed 8368K, reserved 1048576K
}
Event: 12.709 GC heap before
{Heap before GC invocations=14 (full 3):
 PSYoungGen      total 246272K, used 9411K [0x00000000d5580000, 0x00000000e9780000, 0x0000000100000000)
  eden space 228352K, 0% used [0x00000000d5580000,0x00000000d5580000,0x00000000e3480000)
  from space 17920K, 52% used [0x00000000e3480000,0x00000000e3db0e68,0x00000000e4600000)
  to   space 17408K, 0% used [0x00000000e8680000,0x00000000e8680000,0x00000000e9780000)
 ParOldGen       total 64000K, used 37622K [0x0000000080000000, 0x0000000083e80000, 0x00000000d5580000)
  object space 64000K, 58% used [0x0000000080000000,0x00000000824bdbb0,0x0000000083e80000)
 Metaspace       used 57078K, capacity 59052K, committed 59160K, reserved 1099776K
  class space    used 7834K, capacity 8289K, committed 8368K, reserved 1048576K
Event: 12.952 GC heap after
Heap after GC invocations=14 (full 3):
 PSYoungGen      total 246272K, used 0K [0x00000000d5580000, 0x00000000e9780000, 0x0000000100000000)
  eden space 228352K, 0% used [0x00000000d5580000,0x00000000d5580000,0x00000000e3480000)
  from space 17920K, 0% used [0x00000000e3480000,0x00000000e3480000,0x00000000e4600000)
  to   space 17408K, 0% used [0x00000000e8680000,0x00000000e8680000,0x00000000e9780000)
 ParOldGen       total 64000K, used 32999K [0x0000000080000000, 0x0000000083e80000, 0x00000000d5580000)
  object space 64000K, 51% used [0x0000000080000000,0x0000000082039c50,0x0000000083e80000)
 Metaspace       used 57069K, capacity 59022K, committed 59160K, reserved 1099776K
  class space    used 7831K, capacity 8284K, committed 8368K, reserved 1048576K
}

