# JRE version: OpenJDK Runtime Environment (8.0_242-b01) (build 1.8.0_242-release-1644-b01)
# Java VM: OpenJDK 64-Bit Server VM (25.242-b01 mixed mode windows-amd64 compressed oops)
Heap:
 PSYoungGen      total 172032K, used 12336K [0x00000000d5580000, 0x00000000e2080000, 0x0000000100000000)
  eden space 162304K, 1% used [0x00000000d5580000,0x00000000d580d7a8,0x00000000df400000)
  from space 9728K, 99% used [0x00000000e1700000,0x00000000e207ebf8,0x00000000e2080000)
  to   space 11776K, 0% used [0x00000000e0980000,0x00000000e0980000,0x00000000e1500000)
 ParOldGen       total 41472K, used 8186K [0x0000000080000000, 0x0000000082880000, 0x00000000d5580000)
  object space 41472K, 19% used [0x0000000080000000,0x00000000807fea60,0x0000000082880000)
 Metaspace       used 30897K, capacity 31576K, committed 31920K, reserved 1077248K
  class space    used 4207K, capacity 4403K, committed 4528K, reserved 1048576K
GC Heap History (10 events):
Event: 2.576 GC heap before
{Heap before GC invocations=5 (full 0):
 PSYoungGen      total 51712K, used 51712K [0x00000000d5580000, 0x00000000d8b80000, 0x0000000100000000)
  eden space 48128K, 100% used [0x00000000d5580000,0x00000000d8480000,0x00000000d8480000)
  from space 3584K, 100% used [0x00000000d8800000,0x00000000d8b80000,0x00000000d8b80000)
  to   space 3584K, 0% used [0x00000000d8480000,0x00000000d8480000,0x00000000d8800000)
 ParOldGen       total 62976K, used 2515K [0x0000000080000000, 0x0000000083d80000, 0x00000000d5580000)
  object space 62976K, 3% used [0x0000000080000000,0x0000000080274f48,0x0000000083d80000)
 Metaspace       used 15747K, capacity 16190K, committed 16512K, reserved 1062912K
  class space    used 2134K, capacity 2321K, committed 2432K, reserved 1048576K
Event: 2.591 GC heap after
Heap after GC invocations=5 (full 0):
 PSYoungGen      total 51712K, used 3552K [0x00000000d5580000, 0x00000000dc380000, 0x0000000100000000)
  eden space 48128K, 0% used [0x00000000d5580000,0x00000000d5580000,0x00000000d8480000)
  from space 3584K, 99% used [0x00000000d8480000,0x00000000d87f8020,0x00000000d8800000)
  to   space 8192K, 0% used [0x00000000dbb80000,0x00000000dbb80000,0x00000000dc380000)
 ParOldGen       total 62976K, used 6859K [0x0000000080000000, 0x0000000083d80000, 0x00000000d5580000)
  object space 62976K, 10% used [0x0000000080000000,0x00000000806b2e08,0x0000000083d80000)
 Metaspace       used 15747K, capacity 16190K, committed 16512K, reserved 1062912K
  class space    used 2134K, capacity 2321K, committed 2432K, reserved 1048576K
}
Event: 3.355 GC heap before
{Heap before GC invocations=6 (full 0):
 PSYoungGen      total 51712K, used 51680K [0x00000000d5580000, 0x00000000dc380000, 0x0000000100000000)
  eden space 48128K, 100% used [0x00000000d5580000,0x00000000d8480000,0x00000000d8480000)
  from space 3584K, 99% used [0x00000000d8480000,0x00000000d87f8020,0x00000000d8800000)
  to   space 8192K, 0% used [0x00000000dbb80000,0x00000000dbb80000,0x00000000dc380000)
 ParOldGen       total 62976K, used 6859K [0x0000000080000000, 0x0000000083d80000, 0x00000000d5580000)
  object space 62976K, 10% used [0x0000000080000000,0x00000000806b2e08,0x0000000083d80000)
 Metaspace       used 20371K, capacity 21076K, committed 21248K, reserved 1067008K
  class space    used 2854K, capacity 3056K, committed 3072K, reserved 1048576K
Event: 3.366 GC heap after
Heap after GC invocations=6 (full 0):
 PSYoungGen      total 102400K, used 8184K [0x00000000d5580000, 0x00000000dc780000, 0x0000000100000000)
  eden space 94208K, 0% used [0x00000000d5580000,0x00000000d5580000,0x00000000db180000)
  from space 8192K, 99% used [0x00000000dbb80000,0x00000000dc37e038,0x00000000dc380000)
  to   space 10240K, 0% used [0x00000000db180000,0x00000000db180000,0x00000000dbb80000)
 ParOldGen       total 62976K, used 7944K [0x0000000080000000, 0x0000000083d80000, 0x00000000d5580000)
  object space 62976K, 12% used [0x0000000080000000,0x00000000807c2310,0x0000000083d80000)
 Metaspace       used 20371K, capacity 21076K, committed 21248K, reserved 1067008K
  class space    used 2854K, capacity 3056K, committed 3072K, reserved 1048576K
}
Event: 3.414 GC heap before
{Heap before GC invocations=7 (full 0):
 PSYoungGen      total 102400K, used 15325K [0x00000000d5580000, 0x00000000dc780000, 0x0000000100000000)
  eden space 94208K, 7% used [0x00000000d5580000,0x00000000d5c79728,0x00000000db180000)
  from space 8192K, 99% used [0x00000000dbb80000,0x00000000dc37e038,0x00000000dc380000)
  to   space 10240K, 0% used [0x00000000db180000,0x00000000db180000,0x00000000dbb80000)
 ParOldGen       total 62976K, used 7944K [0x0000000080000000, 0x0000000083d80000, 0x00000000d5580000)
  object space 62976K, 12% used [0x0000000080000000,0x00000000807c2310,0x0000000083d80000)
 Metaspace       used 20644K, capacity 21236K, committed 21296K, reserved 1067008K
  class space    used 2894K, capacity 3088K, committed 3120K, reserved 1048576K
Event: 3.421 GC heap after
Heap after GC invocations=7 (full 0):
 PSYoungGen      total 104448K, used 4356K [0x00000000d5580000, 0x00000000e2080000, 0x0000000100000000)
  eden space 94208K, 0% used [0x00000000d5580000,0x00000000d5580000,0x00000000db180000)
  from space 10240K, 42% used [0x00000000db180000,0x00000000db5c1050,0x00000000dbb80000)
  to   space 9728K, 0% used [0x00000000e1700000,0x00000000e1700000,0x00000000e2080000)
 ParOldGen       total 62976K, used 9184K [0x0000000080000000, 0x0000000083d80000, 0x00000000d5580000)
  object space 62976K, 14% used [0x0000000080000000,0x00000000808f8350,0x0000000083d80000)
 Metaspace       used 20644K, capacity 21236K, committed 21296K, reserved 1067008K
  class space    used 2894K, capacity 3088K, committed 3120K, reserved 1048576K
}
Event: 3.421 GC heap before
{Heap before GC invocations=8 (full 1):
 PSYoungGen      total 104448K, used 4356K [0x00000000d5580000, 0x00000000e2080000, 0x0000000100000000)
  eden space 94208K, 0% used [0x00000000d5580000,0x00000000d5580000,0x00000000db180000)
  from space 10240K, 42% used [0x00000000db180000,0x00000000db5c1050,0x00000000dbb80000)
  to   space 9728K, 0% used [0x00000000e1700000,0x00000000e1700000,0x00000000e2080000)
 ParOldGen       total 62976K, used 9184K [0x0000000080000000, 0x0000000083d80000, 0x00000000d5580000)
  object space 62976K, 14% used [0x0000000080000000,0x00000000808f8350,0x0000000083d80000)
 Metaspace       used 20644K, capacity 21236K, committed 21296K, reserved 1067008K
  class space    used 2894K, capacity 3088K, committed 3120K, reserved 1048576K
Event: 3.465 GC heap after
Heap after GC invocations=8 (full 1):
 PSYoungGen      total 104448K, used 0K [0x00000000d5580000, 0x00000000e2080000, 0x0000000100000000)
  eden space 94208K, 0% used [0x00000000d5580000,0x00000000d5580000,0x00000000db180000)
  from space 10240K, 0% used [0x00000000db180000,0x00000000db180000,0x00000000dbb80000)
  to   space 9728K, 0% used [0x00000000e1700000,0x00000000e1700000,0x00000000e2080000)
 ParOldGen       total 41472K, used 7259K [0x0000000080000000, 0x0000000082880000, 0x00000000d5580000)
  object space 41472K, 17% used [0x0000000080000000,0x0000000080716f98,0x0000000082880000)
 Metaspace       used 20644K, capacity 21236K, committed 21296K, reserved 1067008K
  class space    used 2894K, capacity 3088K, committed 3120K, reserved 1048576K
}
Event: 4.679 GC heap before
{Heap before GC invocations=9 (full 1):
 PSYoungGen      total 104448K, used 94208K [0x00000000d5580000, 0x00000000e2080000, 0x0000000100000000)
  eden space 94208K, 100% used [0x00000000d5580000,0x00000000db180000,0x00000000db180000)
  from space 10240K, 0% used [0x00000000db180000,0x00000000db180000,0x00000000dbb80000)
  to   space 9728K, 0% used [0x00000000e1700000,0x00000000e1700000,0x00000000e2080000)
 ParOldGen       total 41472K, used 7259K [0x0000000080000000, 0x0000000082880000, 0x00000000d5580000)
  object space 41472K, 17% used [0x0000000080000000,0x0000000080716f98,0x0000000082880000)
 Metaspace       used 30713K, capacity 31436K, committed 31664K, reserved 1077248K
  class space    used 4170K, capacity 4401K, committed 4528K, reserved 1048576K
Event: 4.692 GC heap after
Heap after GC invocations=9 (full 1):
 PSYoungGen      total 172032K, used 9722K [0x00000000d5580000, 0x00000000e2080000, 0x0000000100000000)
  eden space 162304K, 0% used [0x00000000d5580000,0x00000000d5580000,0x00000000df400000)
  from space 9728K, 99% used [0x00000000e1700000,0x00000000e207ebf8,0x00000000e2080000)
  to   space 11776K, 0% used [0x00000000e0980000,0x00000000e0980000,0x00000000e1500000)
 ParOldGen       total 41472K, used 8186K [0x0000000080000000, 0x0000000082880000, 0x00000000d5580000)
  object space 41472K, 19% used [0x0000000080000000,0x00000000807fea60,0x0000000082880000)
 Metaspace       used 30713K, capacity 31436K, committed 31664K, reserved 1077248K
  class space    used 4170K, capacity 4401K, committed 4528K, reserved 1048576K
}

