# JRE version: OpenJDK Runtime Environment (8.0_242-b01) (build 1.8.0_242-release-1644-b01)
# Java VM: OpenJDK 64-Bit Server VM (25.242-b01 mixed mode windows-amd64 compressed oops)
Heap:
 PSYoungGen      total 310272K, used 60387K [0x00000000d5580000, 0x00000000ed000000, 0x0000000100000000)
  eden space 287744K, 14% used [0x00000000d5580000,0x00000000d7ce4478,0x00000000e6e80000)
  from space 22528K, 89% used [0x00000000e6e80000,0x00000000e8214af8,0x00000000e8480000)
  to   space 25088K, 0% used [0x00000000eb780000,0x00000000eb780000,0x00000000ed000000)
 ParOldGen       total 99328K, used 51079K [0x0000000080000000, 0x0000000086100000, 0x00000000d5580000)
  object space 99328K, 51% used [0x0000000080000000,0x00000000831e1d90,0x0000000086100000)
 Metaspace       used 85165K, capacity 89194K, committed 89520K, reserved 1126400K
  class space    used 11560K, capacity 12362K, committed 12464K, reserved 1048576K
GC Heap History (10 events):
Event: 8.365 GC heap before
{Heap before GC invocations=12 (full 2):
 PSYoungGen      total 196096K, used 184320K [0x00000000d5580000, 0x00000000e5200000, 0x0000000100000000)
  eden space 184320K, 100% used [0x00000000d5580000,0x00000000e0980000,0x00000000e0980000)
  from space 11776K, 0% used [0x00000000e0980000,0x00000000e0980000,0x00000000e1500000)
  to   space 12800K, 0% used [0x00000000e4580000,0x00000000e4580000,0x00000000e5200000)
 ParOldGen       total 62976K, used 16710K [0x0000000080000000, 0x0000000083d80000, 0x00000000d5580000)
  object space 62976K, 26% used [0x0000000080000000,0x0000000081051830,0x0000000083d80000)
 Metaspace       used 50201K, capacity 51848K, committed 52016K, reserved 1093632K
  class space    used 6730K, capacity 7123K, committed 7216K, reserved 1048576K
Event: 8.406 GC heap after
Heap after GC invocations=12 (full 2):
 PSYoungGen      total 240640K, used 12777K [0x00000000d5580000, 0x00000000e6700000, 0x0000000100000000)
  eden space 227840K, 0% used [0x00000000d5580000,0x00000000d5580000,0x00000000e3400000)
  from space 12800K, 99% used [0x00000000e4580000,0x00000000e51fa6b8,0x00000000e5200000)
  to   space 17920K, 0% used [0x00000000e3400000,0x00000000e3400000,0x00000000e4580000)
 ParOldGen       total 62976K, used 26199K [0x0000000080000000, 0x0000000083d80000, 0x00000000d5580000)
  object space 62976K, 41% used [0x0000000080000000,0x0000000081995e50,0x0000000083d80000)
 Metaspace       used 50201K, capacity 51848K, committed 52016K, reserved 1093632K
  class space    used 6730K, capacity 7123K, committed 7216K, reserved 1048576K
}
Event: 9.879 GC heap before
{Heap before GC invocations=13 (full 2):
 PSYoungGen      total 240640K, used 95744K [0x00000000d5580000, 0x00000000e6700000, 0x0000000100000000)
  eden space 227840K, 36% used [0x00000000d5580000,0x00000000da685af8,0x00000000e3400000)
  from space 12800K, 99% used [0x00000000e4580000,0x00000000e51fa6b8,0x00000000e5200000)
  to   space 17920K, 0% used [0x00000000e3400000,0x00000000e3400000,0x00000000e4580000)
 ParOldGen       total 62976K, used 26199K [0x0000000080000000, 0x0000000083d80000, 0x00000000d5580000)
  object space 62976K, 41% used [0x0000000080000000,0x0000000081995e50,0x0000000083d80000)
 Metaspace       used 57097K, capacity 59086K, committed 59160K, reserved 1099776K
  class space    used 7850K, capacity 8322K, committed 8368K, reserved 1048576K
Event: 9.905 GC heap after
Heap after GC invocations=13 (full 2):
 PSYoungGen      total 245760K, used 9146K [0x00000000d5580000, 0x00000000e9a80000, 0x0000000100000000)
  eden space 227840K, 0% used [0x00000000d5580000,0x00000000d5580000,0x00000000e3400000)
  from space 17920K, 51% used [0x00000000e3400000,0x00000000e3ceeaa0,0x00000000e4580000)
  to   space 17408K, 0% used [0x00000000e8980000,0x00000000e8980000,0x00000000e9a80000)
 ParOldGen       total 62976K, used 37897K [0x0000000080000000, 0x0000000083d80000, 0x00000000d5580000)
  object space 62976K, 60% used [0x0000000080000000,0x00000000825025d8,0x0000000083d80000)
 Metaspace       used 57097K, capacity 59086K, committed 59160K, reserved 1099776K
  class space    used 7850K, capacity 8322K, committed 8368K, reserved 1048576K
}
Event: 9.905 GC heap before
{Heap before GC invocations=14 (full 3):
 PSYoungGen      total 245760K, used 9146K [0x00000000d5580000, 0x00000000e9a80000, 0x0000000100000000)
  eden space 227840K, 0% used [0x00000000d5580000,0x00000000d5580000,0x00000000e3400000)
  from space 17920K, 51% used [0x00000000e3400000,0x00000000e3ceeaa0,0x00000000e4580000)
  to   space 17408K, 0% used [0x00000000e8980000,0x00000000e8980000,0x00000000e9a80000)
 ParOldGen       total 62976K, used 37897K [0x0000000080000000, 0x0000000083d80000, 0x00000000d5580000)
  object space 62976K, 60% used [0x0000000080000000,0x00000000825025d8,0x0000000083d80000)
 Metaspace       used 57097K, capacity 59086K, committed 59160K, reserved 1099776K
  class space    used 7850K, capacity 8322K, committed 8368K, reserved 1048576K
Event: 10.127 GC heap after
Heap after GC invocations=14 (full 3):
 PSYoungGen      total 245760K, used 0K [0x00000000d5580000, 0x00000000e9a80000, 0x0000000100000000)
  eden space 227840K, 0% used [0x00000000d5580000,0x00000000d5580000,0x00000000e3400000)
  from space 17920K, 0% used [0x00000000e3400000,0x00000000e3400000,0x00000000e4580000)
  to   space 17408K, 0% used [0x00000000e8980000,0x00000000e8980000,0x00000000e9a80000)
 ParOldGen       total 99328K, used 32822K [0x0000000080000000, 0x0000000086100000, 0x00000000d5580000)
  object space 99328K, 33% used [0x0000000080000000,0x000000008200d808,0x0000000086100000)
 Metaspace       used 57087K, capacity 59050K, committed 59160K, reserved 1099776K
  class space    used 7846K, capacity 8316K, committed 8368K, reserved 1048576K
}
Event: 15.662 GC heap before
{Heap before GC invocations=15 (full 3):
 PSYoungGen      total 245760K, used 227840K [0x00000000d5580000, 0x00000000e9a80000, 0x0000000100000000)
  eden space 227840K, 100% used [0x00000000d5580000,0x00000000e3400000,0x00000000e3400000)
  from space 17920K, 0% used [0x00000000e3400000,0x00000000e3400000,0x00000000e4580000)
  to   space 17408K, 0% used [0x00000000e8980000,0x00000000e8980000,0x00000000e9a80000)
 ParOldGen       total 99328K, used 32822K [0x0000000080000000, 0x0000000086100000, 0x00000000d5580000)
  object space 99328K, 33% used [0x0000000080000000,0x000000008200d808,0x0000000086100000)
 Metaspace       used 74152K, capacity 77724K, committed 77872K, reserved 1116160K
  class space    used 10331K, capacity 11011K, committed 11056K, reserved 1048576K
Event: 15.699 GC heap after
Heap after GC invocations=15 (full 3):
 PSYoungGen      total 299008K, used 17405K [0x00000000d5580000, 0x00000000e9a80000, 0x0000000100000000)
  eden space 281600K, 0% used [0x00000000d5580000,0x00000000d5580000,0x00000000e6880000)
  from space 17408K, 99% used [0x00000000e8980000,0x00000000e9a7f468,0x00000000e9a80000)
  to   space 22528K, 0% used [0x00000000e6e80000,0x00000000e6e80000,0x00000000e8480000)
 ParOldGen       total 99328K, used 39424K [0x0000000080000000, 0x0000000086100000, 0x00000000d5580000)
  object space 99328K, 39% used [0x0000000080000000,0x0000000082680058,0x0000000086100000)
 Metaspace       used 74152K, capacity 77724K, committed 77872K, reserved 1116160K
  class space    used 10331K, capacity 11011K, committed 11056K, reserved 1048576K
}
Event: 91.566 GC heap before
{Heap before GC invocations=16 (full 3):
 PSYoungGen      total 299008K, used 299005K [0x00000000d5580000, 0x00000000e9a80000, 0x0000000100000000)
  eden space 281600K, 100% used [0x00000000d5580000,0x00000000e6880000,0x00000000e6880000)
  from space 17408K, 99% used [0x00000000e8980000,0x00000000e9a7f468,0x00000000e9a80000)
  to   space 22528K, 0% used [0x00000000e6e80000,0x00000000e6e80000,0x00000000e8480000)
 ParOldGen       total 99328K, used 39424K [0x0000000080000000, 0x0000000086100000, 0x00000000d5580000)
  object space 99328K, 39% used [0x0000000080000000,0x0000000082680058,0x0000000086100000)
 Metaspace       used 85003K, capacity 89036K, committed 89264K, reserved 1126400K
  class space    used 11560K, capacity 12361K, committed 12464K, reserved 1048576K
Event: 91.607 GC heap after
Heap after GC invocations=16 (full 3):
 PSYoungGen      total 310272K, used 20050K [0x00000000d5580000, 0x00000000ed000000, 0x0000000100000000)
  eden space 287744K, 0% used [0x00000000d5580000,0x00000000d5580000,0x00000000e6e80000)
  from space 22528K, 89% used [0x00000000e6e80000,0x00000000e8214af8,0x00000000e8480000)
  to   space 25088K, 0% used [0x00000000eb780000,0x00000000eb780000,0x00000000ed000000)
 ParOldGen       total 99328K, used 51079K [0x0000000080000000, 0x0000000086100000, 0x00000000d5580000)
  object space 99328K, 51% used [0x0000000080000000,0x00000000831e1d90,0x0000000086100000)
 Metaspace       used 85003K, capacity 89036K, committed 89264K, reserved 1126400K
  class space    used 11560K, capacity 12361K, committed 12464K, reserved 1048576K
}

