# JRE version: OpenJDK Runtime Environment (8.0_242-b01) (build 1.8.0_242-release-1644-b01)
# Java VM: OpenJDK 64-Bit Server VM (25.242-b01 mixed mode windows-amd64 compressed oops)
Heap:
 PSYoungGen      total 199168K, used 52321K [0x00000000d5580000, 0x00000000e2c00000, 0x0000000100000000)
  eden space 183296K, 28% used [0x00000000d5580000,0x00000000d88986d8,0x00000000e0880000)
  from space 15872K, 0% used [0x00000000e1a00000,0x00000000e1a00000,0x00000000e2980000)
  to   space 17920K, 0% used [0x00000000e0880000,0x00000000e0880000,0x00000000e1a00000)
 ParOldGen       total 97280K, used 32909K [0x0000000080000000, 0x0000000085f00000, 0x00000000d5580000)
  object space 97280K, 33% used [0x0000000080000000,0x00000000820235b0,0x0000000085f00000)
 Metaspace       used 74344K, capacity 77390K, committed 77872K, reserved 1122304K
  class space    used 10320K, capacity 10922K, committed 11056K, reserved 1048576K
GC Heap History (10 events):
Event: 14.957 GC heap before
{Heap before GC invocations=18 (full 4):
 PSYoungGen      total 199168K, used 15005K [0x00000000d5580000, 0x00000000e2c00000, 0x0000000100000000)
  eden space 183296K, 0% used [0x00000000d5580000,0x00000000d5580000,0x00000000e0880000)
  from space 15872K, 94% used [0x00000000e1a00000,0x00000000e28a7640,0x00000000e2980000)
  to   space 17920K, 0% used [0x00000000e0880000,0x00000000e0880000,0x00000000e1a00000)
 ParOldGen       total 97280K, used 34518K [0x0000000080000000, 0x0000000085f00000, 0x00000000d5580000)
  object space 97280K, 35% used [0x0000000080000000,0x00000000821b5960,0x0000000085f00000)
 Metaspace       used 70612K, capacity 73744K, committed 73904K, reserved 1120256K
  class space    used 9732K, capacity 10369K, committed 10416K, reserved 1048576K
Event: 15.090 GC heap after
Heap after GC invocations=18 (full 4):
 PSYoungGen      total 199168K, used 0K [0x00000000d5580000, 0x00000000e2c00000, 0x0000000100000000)
  eden space 183296K, 0% used [0x00000000d5580000,0x00000000d5580000,0x00000000e0880000)
  from space 15872K, 0% used [0x00000000e1a00000,0x00000000e1a00000,0x00000000e2980000)
  to   space 17920K, 0% used [0x00000000e0880000,0x00000000e0880000,0x00000000e1a00000)
 ParOldGen       total 97280K, used 41692K [0x0000000080000000, 0x0000000085f00000, 0x00000000d5580000)
  object space 97280K, 42% used [0x0000000080000000,0x00000000828b72f0,0x0000000085f00000)
 Metaspace       used 70469K, capacity 73334K, committed 73904K, reserved 1118208K
  class space    used 9685K, capacity 10288K, committed 10416K, reserved 1048576K
}
Event: 15.208 GC heap before
{Heap before GC invocations=19 (full 4):
 PSYoungGen      total 199168K, used 5314K [0x00000000d5580000, 0x00000000e2c00000, 0x0000000100000000)
  eden space 183296K, 2% used [0x00000000d5580000,0x00000000d5ab0a20,0x00000000e0880000)
  from space 15872K, 0% used [0x00000000e1a00000,0x00000000e1a00000,0x00000000e2980000)
  to   space 17920K, 0% used [0x00000000e0880000,0x00000000e0880000,0x00000000e1a00000)
 ParOldGen       total 97280K, used 41692K [0x0000000080000000, 0x0000000085f00000, 0x00000000d5580000)
  object space 97280K, 42% used [0x0000000080000000,0x00000000828b72f0,0x0000000085f00000)
 Metaspace       used 71751K, capacity 74660K, committed 75184K, reserved 1122304K
  class space    used 9931K, capacity 10553K, committed 10672K, reserved 1048576K
Event: 15.211 GC heap after
Heap after GC invocations=19 (full 4):
 PSYoungGen      total 201216K, used 1164K [0x00000000d5580000, 0x00000000e2c00000, 0x0000000100000000)
  eden space 183296K, 0% used [0x00000000d5580000,0x00000000d5580000,0x00000000e0880000)
  from space 17920K, 6% used [0x00000000e0880000,0x00000000e09a32b0,0x00000000e1a00000)
  to   space 15872K, 0% used [0x00000000e1a00000,0x00000000e1a00000,0x00000000e2980000)
 ParOldGen       total 97280K, used 41692K [0x0000000080000000, 0x0000000085f00000, 0x00000000d5580000)
  object space 97280K, 42% used [0x0000000080000000,0x00000000828b72f0,0x0000000085f00000)
 Metaspace       used 71751K, capacity 74660K, committed 75184K, reserved 1122304K
  class space    used 9931K, capacity 10553K, committed 10672K, reserved 1048576K
}
Event: 15.211 GC heap before
{Heap before GC invocations=20 (full 5):
 PSYoungGen      total 201216K, used 1164K [0x00000000d5580000, 0x00000000e2c00000, 0x0000000100000000)
  eden space 183296K, 0% used [0x00000000d5580000,0x00000000d5580000,0x00000000e0880000)
  from space 17920K, 6% used [0x00000000e0880000,0x00000000e09a32b0,0x00000000e1a00000)
  to   space 15872K, 0% used [0x00000000e1a00000,0x00000000e1a00000,0x00000000e2980000)
 ParOldGen       total 97280K, used 41692K [0x0000000080000000, 0x0000000085f00000, 0x00000000d5580000)
  object space 97280K, 42% used [0x0000000080000000,0x00000000828b72f0,0x0000000085f00000)
 Metaspace       used 71751K, capacity 74660K, committed 75184K, reserved 1122304K
  class space    used 9931K, capacity 10553K, committed 10672K, reserved 1048576K
Event: 15.300 GC heap after
Heap after GC invocations=20 (full 5):
 PSYoungGen      total 201216K, used 0K [0x00000000d5580000, 0x00000000e2c00000, 0x0000000100000000)
  eden space 183296K, 0% used [0x00000000d5580000,0x00000000d5580000,0x00000000e0880000)
  from space 17920K, 0% used [0x00000000e0880000,0x00000000e0880000,0x00000000e1a00000)
  to   space 15872K, 0% used [0x00000000e1a00000,0x00000000e1a00000,0x00000000e2980000)
 ParOldGen       total 97280K, used 39895K [0x0000000080000000, 0x0000000085f00000, 0x00000000d5580000)
  object space 97280K, 41% used [0x0000000080000000,0x00000000826f5f08,0x0000000085f00000)
 Metaspace       used 71751K, capacity 74660K, committed 75184K, reserved 1120256K
  class space    used 9931K, capacity 10553K, committed 10672K, reserved 1048576K
}
Event: 15.300 GC heap before
{Heap before GC invocations=21 (full 5):
 PSYoungGen      total 201216K, used 0K [0x00000000d5580000, 0x00000000e2c00000, 0x0000000100000000)
  eden space 183296K, 0% used [0x00000000d5580000,0x00000000d5580000,0x00000000e0880000)
  from space 17920K, 0% used [0x00000000e0880000,0x00000000e0880000,0x00000000e1a00000)
  to   space 15872K, 0% used [0x00000000e1a00000,0x00000000e1a00000,0x00000000e2980000)
 ParOldGen       total 97280K, used 39895K [0x0000000080000000, 0x0000000085f00000, 0x00000000d5580000)
  object space 97280K, 41% used [0x0000000080000000,0x00000000826f5f08,0x0000000085f00000)
 Metaspace       used 71751K, capacity 74660K, committed 75184K, reserved 1124352K
  class space    used 9931K, capacity 10553K, committed 10672K, reserved 1048576K
Event: 15.303 GC heap after
Heap after GC invocations=21 (full 5):
 PSYoungGen      total 199168K, used 0K [0x00000000d5580000, 0x00000000e2c00000, 0x0000000100000000)
  eden space 183296K, 0% used [0x00000000d5580000,0x00000000d5580000,0x00000000e0880000)
  from space 15872K, 0% used [0x00000000e1a00000,0x00000000e1a00000,0x00000000e2980000)
  to   space 17920K, 0% used [0x00000000e0880000,0x00000000e0880000,0x00000000e1a00000)
 ParOldGen       total 97280K, used 39895K [0x0000000080000000, 0x0000000085f00000, 0x00000000d5580000)
  object space 97280K, 41% used [0x0000000080000000,0x00000000826f5f08,0x0000000085f00000)
 Metaspace       used 71751K, capacity 74660K, committed 75184K, reserved 1124352K
  class space    used 9931K, capacity 10553K, committed 10672K, reserved 1048576K
}
Event: 15.303 GC heap before
{Heap before GC invocations=22 (full 6):
 PSYoungGen      total 199168K, used 0K [0x00000000d5580000, 0x00000000e2c00000, 0x0000000100000000)
  eden space 183296K, 0% used [0x00000000d5580000,0x00000000d5580000,0x00000000e0880000)
  from space 15872K, 0% used [0x00000000e1a00000,0x00000000e1a00000,0x00000000e2980000)
  to   space 17920K, 0% used [0x00000000e0880000,0x00000000e0880000,0x00000000e1a00000)
 ParOldGen       total 97280K, used 39895K [0x0000000080000000, 0x0000000085f00000, 0x00000000d5580000)
  object space 97280K, 41% used [0x0000000080000000,0x00000000826f5f08,0x0000000085f00000)
 Metaspace       used 71751K, capacity 74660K, committed 75184K, reserved 1124352K
  class space    used 9931K, capacity 10553K, committed 10672K, reserved 1048576K
Event: 15.542 GC heap after
Heap after GC invocations=22 (full 6):
 PSYoungGen      total 199168K, used 0K [0x00000000d5580000, 0x00000000e2c00000, 0x0000000100000000)
  eden space 183296K, 0% used [0x00000000d5580000,0x00000000d5580000,0x00000000e0880000)
  from space 15872K, 0% used [0x00000000e1a00000,0x00000000e1a00000,0x00000000e2980000)
  to   space 17920K, 0% used [0x00000000e0880000,0x00000000e0880000,0x00000000e1a00000)
 ParOldGen       total 97280K, used 32909K [0x0000000080000000, 0x0000000085f00000, 0x00000000d5580000)
  object space 97280K, 33% used [0x0000000080000000,0x00000000820235b0,0x0000000085f00000)
 Metaspace       used 71263K, capacity 73824K, committed 75184K, reserved 1120256K
  class space    used 9841K, capacity 10387K, committed 10672K, reserved 1048576K
}

